Removed Pin From Net: NetName=GND_D1 Pin=1-1
Removed Pin From Net: NetName=GND_D1 Pin=1-4
Removed Pin From Net: NetName=GND Pin=1-8
Removed Pin From Net: NetName=GND_D1 Pin=1-9
Removed Pin From Net: NetName=GND_D1 Pin=1-10
Removed Pin From Net: NetName=VDD_D1 Pin=1-11
Removed Pin From Net: NetName=GND_D1 Pin=1-14
Removed Pin From Net: NetName=GND_D1 Pin=1-15
Removed Pin From Net: NetName=VCC Pin=1-16
Removed Pin From Net: NetName=GND_D1 Pin=2-1
Removed Pin From Net: NetName=GND_D1 Pin=2-4
Removed Pin From Net: NetName=GND Pin=2-8
Removed Pin From Net: NetName=GND_D1 Pin=2-9
Removed Pin From Net: NetName=GND_D1 Pin=2-10
Removed Pin From Net: NetName=VDD_D1 Pin=2-11
Removed Pin From Net: NetName=GND_D1 Pin=2-14
Removed Pin From Net: NetName=GND_D1 Pin=2-15
Removed Pin From Net: NetName=VCC Pin=2-16
Removed Pin From Net: NetName=GND_D1 Pin=C18-1
Removed Pin From Net: NetName=GND_D1 Pin=cd4046-5
Removed Pin From Net: NetName=GND Pin=cd4046-8
Removed Pin From Net: NetName=SING Pin=cd4046-14
Removed Pin From Net: NetName=VCC Pin=cd4046-16
Removed Pin From Net: NetName=GND_D1 Pin=R37-1
Removed Member From Class: ClassName=T2 Member=1
Removed Member From Class: ClassName=T2 Member=2
Removed Member From Class: ClassName=T2 Member=C18
Removed Member From Class: ClassName=T2 Member=C56
Removed Member From Class: ClassName=T2 Member=cd4046
Removed Member From Class: ClassName=T2 Member=R14
Removed Member From Class: ClassName=T2 Member=R35
Removed Member From Class: ClassName=T2 Member=R36
Removed Member From Class: ClassName=T2 Member=R37
