Removed Pin From Net: NetName=OS_0 Pin=P1-3
Removed Pin From Net: NetName=GND_D1 Pin=P1-4
Removed Pin From Net: NetName=OS_0 Pin=P1-5
Removed Pin From Net: NetName=TSINT Pin=R51-1
Removed Member From Class: ClassName=T1 Member=D4
Removed Member From Class: ClassName=T1 Member=R51
Added Component: Designator=1_1(CON8)
Added Component: Designator=1_2(CON8)
Added Component: Designator=1_3(CON8)
Added Pin To Net: NetName=GND Pin=1_1-1
Added Pin To Net: NetName=+15V Pin=1_1-2
Added Pin To Net: NetName=-15V Pin=1_1-3
Added Pin To Net: NetName=GND_D1 Pin=1_1-8
Added Pin To Net: NetName=GND Pin=1_2-1
Added Pin To Net: NetName=+15V Pin=1_2-2
Added Pin To Net: NetName=-15V Pin=1_2-3
Added Pin To Net: NetName=GND_D1 Pin=1_2-8
Added Pin To Net: NetName=GND Pin=1_3-1
Added Pin To Net: NetName=+15V Pin=1_3-2
Added Pin To Net: NetName=-15V Pin=1_3-3
Added Pin To Net: NetName=GND_D1 Pin=1_3-8
Added Pin To Net: NetName=TSINT Pin=MCU-91
Added Pin To Net: NetName=C3 Pin=P1_1-13
Added Pin To Net: NetName=C3 Pin=P1_1-14
Added Pin To Net: NetName=C3 Pin=P1_2-13
Added Pin To Net: NetName=C3 Pin=P1_2-14
Added Pin To Net: NetName=C3 Pin=R21-2
Added Pin To Net: NetName=C3 Pin=R22-2
Change Net Name : Old Net Name=OS_0 New Net Name=VDD33
Added Pin To Net: NetName=/PAR Pin=P1-6
Added Net: Name=/PAR
Added Pin To Net: NetName=/STBY Pin=P1-7
Added Net: Name=/STBY
Added Pin To Net: NetName=CTR1_3 Pin=1_2-6
Added Net: Name=CTR1_3
Added Pin To Net: NetName=CTR1_4 Pin=1_2-7
Added Net: Name=CTR1_4
Added Pin To Net: NetName=CTR1_5 Pin=1_3-6
Added Net: Name=CTR1_5
Added Pin To Net: NetName=CTR1_6 Pin=1_3-7
Added Net: Name=CTR1_6
Added Pin To Net: NetName=CTR1_7 Pin=1_1-6
Added Net: Name=CTR1_7
Added Pin To Net: NetName=CTR1_8 Pin=1_1-7
Added Net: Name=CTR1_8
Added Pin To Net: NetName=IN1_3 Pin=1_2-4
Added Net: Name=IN1_3
Added Pin To Net: NetName=IN1_4 Pin=1_2-5
Added Net: Name=IN1_4
Added Pin To Net: NetName=IN1_5 Pin=1_3-4
Added Net: Name=IN1_5
Added Pin To Net: NetName=IN1_6 Pin=1_3-5
Added Net: Name=IN1_6
Added Pin To Net: NetName=IN1_7 Pin=1_1-4
Added Net: Name=IN1_7
Added Pin To Net: NetName=IN1_8 Pin=1_1-5
Added Net: Name=IN1_8
Added Pin To Net: NetName=OS_0 Pin=P1-3
Added Net: Name=OS_0
Added Pin To Net: NetName=OS_1 Pin=P1-4
Added Net: Name=OS_1
Added Pin To Net: NetName=OS_2 Pin=P1-5
Added Net: Name=OS_2
Added Pin To Net: NetName=RANGE Pin=P1-8
Added Net: Name=RANGE
Added Pin To Net: NetName=XCS1 Pin=P1-12
Added Pin To Net: NetName=XCS1 Pin=P1-13
Added Net: Name=XCS1
Added Member To Class: ClassName=T1 Member=Component 1_1 CON8
Added Member To Class: ClassName=T1 Member=Component 1_2 CON8
Added Member To Class: ClassName=T1 Member=Component 1_3 CON8
