Removed Pin From Net: NetName=-5V Pin=power1-0
Removed Pin From Net: NetName=GND Pin=power1-1
Removed Pin From Net: NetName=+5V Pin=power1-2
Removed Member From Class: ClassName=Power Member=power1
Removed Member From Class: ClassName=Power Member=power1
Added Component: Designator=Bu Han(0805)
Added Component: Designator=R14(0805)
Added Component: Designator=U14(SOP127P600X175-8N)
Added Pin To Net: NetName=SING Pin=Bu Han-2
Added Pin To Net: NetName=SGND Pin=U14-2
Added Pin To Net: NetName=-5V Pin=U14-4
Added Pin To Net: NetName=SING Pin=U14-6
Added Pin To Net: NetName=+5V Pin=U14-7
Added Pin To Net: NetName=NetBu Han_1 Pin=Bu Han-1
Added Pin To Net: NetName=NetBu Han_1 Pin=R14-1
Added Net: Name=NetBu Han_1
Added Pin To Net: NetName=NetR14_2 Pin=R14-2
Added Pin To Net: NetName=NetR14_2 Pin=U14-3
Added Net: Name=NetR14_2
Added Member To Class: ClassName=Power Member=Component Bu Han 0K
Added Member To Class: ClassName=Power Member=Component R14 0K
Added Member To Class: ClassName=Power Member=Component U14 OP07CP
Added Room: Name=Power
